<?xml version="1.0" encoding="UTF-8"?>
<testsuite name="models.PropertyTest" tests="5" skipped="0" failures="0" errors="0" timestamp="2021-08-24T11:57:39" hostname="stephen-HP-ProBook-450-G7" time="0.045">
  <properties/>
  <testcase name="getDescriptionReturnsCorrectDescription()" classname="models.PropertyTest" time="0.031"/>
  <testcase name="getTypeReturnsCorrectPropertyType()" classname="models.PropertyTest" time="0.002"/>
  <testcase name="getNameReturnsCorrectName()" classname="models.PropertyTest" time="0.001"/>
  <testcase name="getRentReturnsCorrectRent()" classname="models.PropertyTest" time="0.002"/>
  <testcase name="getLocationReturnsCorrectLocation()" classname="models.PropertyTest" time="0.002"/>
  <system-out><![CDATA[]]></system-out>
  <system-err><![CDATA[]]></system-err>
</testsuite>
