<?xml version="1.0" encoding="UTF-8"?>
<testsuite name="models.TenantTest" tests="8" skipped="0" failures="0" errors="0" timestamp="2021-08-24T12:26:36" hostname="issah-HP-Pavilion-Notebook" time="0.046">
  <properties/>
  <testcase name="getPhoneNumber()" classname="models.TenantTest" time="0.031"/>
  <testcase name="getPropertyId()" classname="models.TenantTest" time="0.002"/>
  <testcase name="setPropertyId()" classname="models.TenantTest" time="0.001"/>
  <testcase name="getName()" classname="models.TenantTest" time="0.001"/>
  <testcase name="getId()" classname="models.TenantTest" time="0.001"/>
  <testcase name="setPhoneNumber()" classname="models.TenantTest" time="0.001"/>
  <testcase name="testEquals()" classname="models.TenantTest" time="0.002"/>
  <testcase name="setName()" classname="models.TenantTest" time="0.001"/>
  <system-out><![CDATA[]]></system-out>
  <system-err><![CDATA[]]></system-err>
</testsuite>
